<?xml version="1.0" encoding="UTF-8"?>
<testng-results skipped="0" failed="0" ignored="0" total="6" passed="6">
  <reporter-output>
  </reporter-output>
  <suite name="Default suite" duration-ms="7917" started-at="2018-06-25T11:23:46Z" finished-at="2018-06-25T11:23:54Z">
    <groups>
    </groups>
    <test name="Default test" duration-ms="7917" started-at="2018-06-25T11:23:46Z" finished-at="2018-06-25T11:23:54Z">
      <class name="qaittesting.Tatoc_TestNg.TATOC_test">
        <test-method status="PASS" signature="launchBrowser()[pri:0, instance:qaittesting.Tatoc_TestNg.TATOC_test@1b68ddbd]" name="launchBrowser" is-config="true" duration-ms="4606" started-at="2018-06-25T11:23:46Z" finished-at="2018-06-25T11:23:51Z">
          <reporter-output>
          </reporter-output>
        </test-method> <!-- launchBrowser -->
        <test-method status="PASS" signature="test01()[pri:0, instance:qaittesting.Tatoc_TestNg.TATOC_test@1b68ddbd]" name="test01" duration-ms="191" started-at="2018-06-25T11:23:51Z" finished-at="2018-06-25T11:23:51Z">
          <reporter-output>
          </reporter-output>
        </test-method> <!-- test01 -->
        <test-method status="PASS" signature="test02()[pri:0, instance:qaittesting.Tatoc_TestNg.TATOC_test@1b68ddbd]" name="test02" duration-ms="222" started-at="2018-06-25T11:23:51Z" finished-at="2018-06-25T11:23:51Z">
          <reporter-output>
          </reporter-output>
        </test-method> <!-- test02 -->
        <test-method status="PASS" signature="test03()[pri:0, instance:qaittesting.Tatoc_TestNg.TATOC_test@1b68ddbd]" name="test03" duration-ms="945" started-at="2018-06-25T11:23:51Z" finished-at="2018-06-25T11:23:52Z">
          <reporter-output>
          </reporter-output>
        </test-method> <!-- test03 -->
        <test-method status="PASS" signature="test04()[pri:0, instance:qaittesting.Tatoc_TestNg.TATOC_test@1b68ddbd]" name="test04" duration-ms="261" started-at="2018-06-25T11:23:52Z" finished-at="2018-06-25T11:23:52Z">
          <reporter-output>
          </reporter-output>
        </test-method> <!-- test04 -->
        <test-method status="PASS" signature="test05()[pri:0, instance:qaittesting.Tatoc_TestNg.TATOC_test@1b68ddbd]" name="test05" duration-ms="1442" started-at="2018-06-25T11:23:52Z" finished-at="2018-06-25T11:23:54Z">
          <reporter-output>
          </reporter-output>
        </test-method> <!-- test05 -->
        <test-method status="PASS" signature="test06()[pri:0, instance:qaittesting.Tatoc_TestNg.TATOC_test@1b68ddbd]" name="test06" duration-ms="220" started-at="2018-06-25T11:23:54Z" finished-at="2018-06-25T11:23:54Z">
          <reporter-output>
          </reporter-output>
        </test-method> <!-- test06 -->
      </class> <!-- qaittesting.Tatoc_TestNg.TATOC_test -->
    </test> <!-- Default test -->
  </suite> <!-- Default suite -->
</testng-results>
